<?xml version="1.0" encoding="UTF-8"?>
<!-- Generated by org.testng.reporters.JUnitReportReporter -->
<testsuite skipped="0" hostname="Harsha" name="in.merchant.tests.SignUpTest" tests="1" failures="0" timestamp="10 Jul 2023 05:25:24 GMT" time="10.692" errors="0">
  <testcase name="verify_Add_NewMerchant" time="10.692" classname="in.merchant.tests.SignUpTest"/>
</testsuite> <!-- in.merchant.tests.SignUpTest -->
